SF:/Users/bobby/dev/repos/dev-contracts/tools/dev-contracts-spec/src/mod.ts
FNF:0
FNH:0
BRF:0
BRH:0
DA:12,1
DA:13,1
DA:14,1
LH:3
LF:3
end_of_record
SF:/Users/bobby/dev/repos/dev-contracts/tools/dev-contracts-spec/src/schemas/common.ts
FNF:0
FNH:0
BRF:0
BRH:0
DA:1,3
DA:10,3
DA:11,3
LH:3
LF:3
end_of_record
SF:/Users/bobby/dev/repos/dev-contracts/tools/dev-contracts-spec/src/schemas/contracts_toml.ts
FNF:0
FNH:0
BRF:0
BRH:0
DA:1,2
DA:2,2
DA:11,2
DA:22,2
DA:23,2
DA:24,2
DA:26,2
DA:37,2
DA:38,2
DA:39,2
DA:40,2
LH:11
LF:11
end_of_record
SF:/Users/bobby/dev/repos/dev-contracts/tools/dev-contracts-spec/src/schemas/lockfile.ts
FNF:0
FNH:0
BRF:0
BRH:0
DA:1,2
DA:12,2
DA:13,2
DA:14,2
LH:4
LF:4
end_of_record
